LibZxing/build/outputs/logs/manifest-merger-debug-report.txt
-- Merging decision tree log ---
manifest
ADDED from AndroidZxingScan-master\LibZxing\AndroidManifest.xml:2:1-13:12
INJECTED from AndroidZxingScan-master\LibZxing\AndroidManifest.xml:2:1-13:12
INJECTED from AndroidZxingScan-master\LibZxing\AndroidManifest.xml:2:1-13:12
INJECTED from AndroidZxingScan-master\LibZxing\AndroidManifest.xml:2:1-13:12
INJECTED from AndroidZxingScan-master\LibZxing\AndroidManifest.xml:2:1-13:12
INJECTED from AndroidZxingScan-master\LibZxing\AndroidManifest.xml:2:1-13:12
INJECTED from AndroidZxingScan-master\LibZxing\AndroidManifest.xml:2:1-13:12
	package
		ADDED from AndroidZxingScan-master\LibZxing\AndroidManifest.xml:3:5-46
		INJECTED from AndroidZxingScan-master\LibZxing\AndroidManifest.xml
		INJECTED from AndroidZxingScan-master\LibZxing\AndroidManifest.xml
	android:versionName
		ADDED from AndroidZxingScan-master\LibZxing\AndroidManifest.xml:5:5-30
		INJECTED from AndroidZxingScan-master\LibZxing\AndroidManifest.xml
		INJECTED from AndroidZxingScan-master\LibZxing\AndroidManifest.xml
	xmlns:android
		ADDED from AndroidZxingScan-master\LibZxing\AndroidManifest.xml:2:11-69
	android:versionCode
		ADDED from AndroidZxingScan-master\LibZxing\AndroidManifest.xml:4:5-29
		INJECTED from AndroidZxingScan-master\LibZxing\AndroidManifest.xml
		INJECTED from AndroidZxingScan-master\LibZxing\AndroidManifest.xml
application
ADDED from AndroidZxingScan-master\LibZxing\AndroidManifest.xml:7:5-12:19
activity#com.google.zxing.ISBNActivity
ADDED from AndroidZxingScan-master\LibZxing\AndroidManifest.xml:8:9-10:76
	android:windowSoftInputMode
		ADDED from AndroidZxingScan-master\LibZxing\AndroidManifest.xml:10:13-73
	android:name
		ADDED from AndroidZxingScan-master\LibZxing\AndroidManifest.xml:9:13-57
uses-sdk
INJECTED from AndroidZxingScan-master\LibZxing\AndroidManifest.xml reason: use-sdk injection requested
INJECTED from AndroidZxingScan-master\LibZxing\AndroidManifest.xml
INJECTED from AndroidZxingScan-master\LibZxing\AndroidManifest.xml
INJECTED from AndroidZxingScan-master\LibZxing\AndroidManifest.xml
INJECTED from AndroidZxingScan-master\LibZxing\AndroidManifest.xml
	android:targetSdkVersion
		INJECTED from AndroidZxingScan-master\LibZxing\AndroidManifest.xml
		ADDED from AndroidZxingScan-master\LibZxing\AndroidManifest.xml
		INJECTED from AndroidZxingScan-master\LibZxing\AndroidManifest.xml
	android:minSdkVersion
		INJECTED from AndroidZxingScan-master\LibZxing\AndroidManifest.xml
		ADDED from AndroidZxingScan-master\LibZxing\AndroidManifest.xml
		INJECTED from AndroidZxingScan-master\LibZxing\AndroidManifest.xml